TN:
SF:src\App.jsx
FN:28,App
FNF:1
FNH:0
FNDA:0,App
DA:29,0
LF:1
LH:0
BRF:0
BRH:0
end_of_record
TN:
SF:src\api\campaignsApi.js
FN:18,(anonymous_0)
FN:108,(anonymous_1)
FN:142,(anonymous_2)
FN:169,(anonymous_3)
FN:211,(anonymous_4)
FN:227,(anonymous_5)
FN:248,(anonymous_6)
FNF:7
FNH:0
FNDA:0,(anonymous_0)
FNDA:0,(anonymous_1)
FNDA:0,(anonymous_2)
FNDA:0,(anonymous_3)
FNDA:0,(anonymous_4)
FNDA:0,(anonymous_5)
FNDA:0,(anonymous_6)
DA:7,0
DA:8,0
DA:10,0
DA:11,0
DA:12,0
DA:18,0
DA:19,0
DA:29,0
DA:32,0
DA:33,0
DA:39,0
DA:40,0
DA:46,0
DA:47,0
DA:49,0
DA:50,0
DA:53,0
DA:65,0
DA:87,0
DA:96,0
DA:97,0
DA:108,0
DA:109,0
DA:110,0
DA:112,0
DA:113,0
DA:114,0
DA:116,0
DA:121,0
DA:123,0
DA:133,0
DA:134,0
DA:142,0
DA:143,0
DA:144,0
DA:146,0
DA:147,0
DA:151,0
DA:155,0
DA:158,0
DA:160,0
DA:161,0
DA:169,0
DA:170,0
DA:171,0
DA:173,0
DA:174,0
DA:175,0
DA:179,0
DA:183,0
DA:186,0
DA:187,0
DA:189,0
DA:190,0
DA:191,0
DA:192,0
DA:193,0
DA:194,0
DA:198,0
DA:200,0
DA:202,0
DA:203,0
DA:211,0
DA:212,0
DA:213,0
DA:214,0
DA:217,0
DA:227,0
DA:229,0
DA:238,0
DA:239,0
DA:248,0
DA:249,0
DA:250,0
DA:251,0
DA:252,0
DA:255,0
DA:256,0
DA:257,0
DA:262,0
DA:269,0
DA:270,0
DA:274,0
LF:83
LH:0
BRDA:24,0,0,0
BRDA:25,1,0,0
BRDA:26,2,0,0
BRDA:27,3,0,0
BRDA:28,4,0,0
BRDA:29,5,0,0
BRDA:29,5,1,0
BRDA:32,6,0,0
BRDA:32,6,1,0
BRDA:32,7,0,0
BRDA:32,7,1,0
BRDA:39,8,0,0
BRDA:39,8,1,0
BRDA:39,9,0,0
BRDA:39,9,1,0
BRDA:110,10,0,0
BRDA:110,11,0,0
BRDA:113,12,0,0
BRDA:113,12,1,0
BRDA:114,13,0,0
BRDA:114,13,1,0
BRDA:146,14,0,0
BRDA:146,14,1,0
BRDA:151,15,0,0
BRDA:151,15,1,0
BRDA:152,16,0,0
BRDA:152,16,1,0
BRDA:171,17,0,0
BRDA:171,17,1,0
BRDA:174,18,0,0
BRDA:174,18,1,0
BRDA:179,19,0,0
BRDA:179,19,1,0
BRDA:180,20,0,0
BRDA:180,20,1,0
BRDA:186,21,0,0
BRDA:186,21,1,0
BRDA:189,22,0,0
BRDA:189,22,1,0
BRDA:191,23,0,0
BRDA:191,23,1,0
BRDA:193,24,0,0
BRDA:193,24,1,0
BRDA:227,25,0,0
BRDA:227,25,1,0
BRDA:251,26,0,0
BRDA:251,26,1,0
BRF:47
BRH:0
end_of_record
TN:
SF:src\api\portalRouter.js
FN:51,(anonymous_0)
FN:81,(anonymous_1)
FN:130,(anonymous_2)
FN:141,(anonymous_3)
FN:150,(anonymous_4)
FN:159,(anonymous_5)
FN:179,(anonymous_6)
FN:229,(anonymous_7)
FN:272,(anonymous_8)
FNF:9
FNH:0
FNDA:0,(anonymous_0)
FNDA:0,(anonymous_1)
FNDA:0,(anonymous_2)
FNDA:0,(anonymous_3)
FNDA:0,(anonymous_4)
FNDA:0,(anonymous_5)
FNDA:0,(anonymous_6)
FNDA:0,(anonymous_7)
FNDA:0,(anonymous_8)
DA:7,0
DA:8,0
DA:10,0
DA:13,0
DA:51,0
DA:52,0
DA:53,0
DA:54,0
DA:57,0
DA:59,0
DA:72,0
DA:73,0
DA:81,0
DA:82,0
DA:83,0
DA:84,0
DA:88,0
DA:89,0
DA:90,0
DA:92,0
DA:94,0
DA:95,0
DA:96,0
DA:97,0
DA:99,0
DA:100,0
DA:101,0
DA:102,0
DA:104,0
DA:105,0
DA:106,0
DA:109,0
DA:120,0
DA:121,0
DA:130,0
DA:131,0
DA:132,0
DA:133,0
DA:136,0
DA:138,0
DA:141,0
DA:142,0
DA:147,0
DA:148,0
DA:150,0
DA:159,0
DA:162,0
DA:170,0
DA:171,0
DA:179,0
DA:180,0
DA:181,0
DA:182,0
DA:185,0
DA:188,0
DA:192,0
DA:193,0
DA:199,0
DA:220,0
DA:221,0
DA:229,0
DA:230,0
DA:231,0
DA:232,0
DA:235,0
DA:238,0
DA:242,0
DA:243,0
DA:249,0
DA:263,0
DA:264,0
DA:272,0
DA:273,0
DA:274,0
DA:275,0
DA:278,0
DA:280,0
DA:281,0
DA:288,0
DA:290,0
DA:294,0
DA:302,0
DA:303,0
DA:307,0
LF:84
LH:0
BRDA:53,0,0,0
BRDA:53,0,1,0
BRDA:64,1,0,0
BRDA:64,1,1,0
BRDA:83,2,0,0
BRDA:83,2,1,0
BRDA:92,3,0,0
BRDA:92,3,1,0
BRDA:97,4,0,0
BRDA:97,4,1,0
BRDA:97,5,0,0
BRDA:97,5,1,0
BRDA:102,6,0,0
BRDA:102,6,1,0
BRDA:132,7,0,0
BRDA:132,7,1,0
BRDA:138,8,0,0
BRDA:138,8,1,0
BRDA:142,9,0,0
BRDA:142,9,1,0
BRDA:143,10,0,0
BRDA:143,10,1,0
BRDA:148,11,0,0
BRDA:148,11,1,0
BRDA:181,12,0,0
BRDA:181,12,1,0
BRDA:188,13,0,0
BRDA:188,13,1,0
BRDA:188,13,2,0
BRDA:192,14,0,0
BRDA:192,14,1,0
BRDA:231,15,0,0
BRDA:231,15,1,0
BRDA:238,16,0,0
BRDA:238,16,1,0
BRDA:238,16,2,0
BRDA:242,17,0,0
BRDA:242,17,1,0
BRDA:274,18,0,0
BRDA:274,18,1,0
BRDA:280,19,0,0
BRDA:280,19,1,0
BRDA:280,20,0,0
BRDA:280,20,1,0
BRF:44
BRH:0
end_of_record
TN:
SF:src\api\route-enhancements.js
FN:38,(anonymous_0)
FN:95,(anonymous_1)
FN:154,(anonymous_2)
FN:173,(anonymous_3)
FN:218,(anonymous_4)
FN:243,(anonymous_5)
FNF:6
FNH:0
FNDA:0,(anonymous_0)
FNDA:0,(anonymous_1)
FNDA:0,(anonymous_2)
FNDA:0,(anonymous_3)
FNDA:0,(anonymous_4)
FNDA:0,(anonymous_5)
DA:8,0
DA:9,0
DA:38,0
DA:39,0
DA:40,0
DA:43,0
DA:45,0
DA:46,0
DA:53,0
DA:56,0
DA:68,0
DA:69,0
DA:95,0
DA:96,0
DA:97,0
DA:99,0
DA:101,0
DA:102,0
DA:108,0
DA:110,0
DA:119,0
DA:120,0
DA:154,0
DA:155,0
DA:157,0
DA:164,0
DA:168,0
DA:173,0
DA:186,0
DA:187,0
DA:218,0
DA:219,0
DA:220,0
DA:228,0
DA:234,0
DA:236,0
DA:243,0
DA:256,0
DA:257,0
DA:267,0
LF:40
LH:0
BRDA:45,0,0,0
BRDA:45,0,1,0
BRDA:101,1,0,0
BRDA:101,1,1,0
BRDA:231,2,0,0
BRDA:231,2,1,0
BRF:6
BRH:0
end_of_record
TN:
SF:src\api\ryia-boss-router.js
FN:24,(anonymous_0)
FN:88,generateRyiaResponse
FN:171,(anonymous_2)
FN:180,(anonymous_3)
FNF:4
FNH:0
FNDA:0,(anonymous_0)
FNDA:0,generateRyiaResponse
FNDA:0,(anonymous_2)
FNDA:0,(anonymous_3)
DA:14,0
DA:15,0
DA:16,0
DA:24,0
DA:25,0
DA:26,0
DA:28,0
DA:29,0
DA:35,0
DA:36,0
DA:37,0
DA:40,0
DA:46,0
DA:50,0
DA:51,0
DA:54,0
DA:55,0
DA:58,0
DA:62,0
DA:64,0
DA:76,0
DA:77,0
DA:92,0
DA:166,0
DA:171,0
DA:173,0
DA:180,0
DA:181,0
DA:195,0
LF:29
LH:0
BRDA:26,0,0,0
BRDA:26,1,0,0
BRDA:28,2,0,0
BRDA:28,2,1,0
BRDA:28,3,0,0
BRDA:28,3,1,0
BRDA:35,4,0,0
BRDA:35,4,1,0
BRDA:46,5,0,0
BRDA:46,5,1,0
BRDA:166,6,0,0
BRDA:166,6,1,0
BRDA:167,7,0,0
BRDA:167,7,1,0
BRF:14
BRH:0
end_of_record
TN:
SF:src\api\ryia-transform-api.js
FN:34,(anonymous_0)
FN:141,(anonymous_1)
FN:200,(anonymous_2)
FN:229,generateTransformation
FN:231,(anonymous_4)
FN:252,generateFile
FN:253,(anonymous_6)
FN:323,getExtensionForLanguage
FNF:8
FNH:0
FNDA:0,(anonymous_0)
FNDA:0,(anonymous_1)
FNDA:0,(anonymous_2)
FNDA:0,generateTransformation
FNDA:0,(anonymous_4)
FNDA:0,generateFile
FNDA:0,(anonymous_6)
FNDA:0,getExtensionForLanguage
DA:9,0
DA:10,0
DA:11,0
DA:34,0
DA:35,0
DA:36,0
DA:38,0
DA:39,0
DA:45,0
DA:46,0
DA:52,0
DA:53,0
DA:57,0
DA:58,0
DA:65,0
DA:66,0
DA:73,0
DA:76,0
DA:102,0
DA:104,0
DA:112,0
DA:113,0
DA:141,0
DA:142,0
DA:143,0
DA:145,0
DA:146,0
DA:152,0
DA:153,0
DA:157,0
DA:158,0
DA:164,0
DA:165,0
DA:171,0
DA:174,0
DA:176,0
DA:177,0
DA:179,0
DA:188,0
DA:189,0
DA:200,0
DA:201,0
DA:231,0
DA:234,0
DA:235,0
DA:237,0
DA:238,0
DA:240,0
DA:241,0
DA:244,0
DA:253,0
DA:256,0
DA:257,0
DA:279,0
DA:280,0
DA:296,0
DA:297,0
DA:314,0
DA:324,0
DA:332,0
DA:335,0
LF:61
LH:0
BRDA:36,0,0,0
BRDA:36,1,0,0
BRDA:38,2,0,0
BRDA:38,2,1,0
BRDA:38,3,0,0
BRDA:38,3,1,0
BRDA:45,4,0,0
BRDA:45,4,1,0
BRDA:45,5,0,0
BRDA:45,5,1,0
BRDA:52,6,0,0
BRDA:52,6,1,0
BRDA:143,7,0,0
BRDA:143,8,0,0
BRDA:145,9,0,0
BRDA:145,9,1,0
BRDA:145,10,0,0
BRDA:145,10,1,0
BRDA:234,11,0,0
BRDA:234,11,1,0
BRDA:237,12,0,0
BRDA:237,12,1,0
BRDA:240,13,0,0
BRDA:240,13,1,0
BRDA:256,14,0,0
BRDA:256,14,1,0
BRDA:279,15,0,0
BRDA:279,15,1,0
BRDA:296,16,0,0
BRDA:296,16,1,0
BRDA:332,17,0,0
BRDA:332,17,1,0
BRF:32
BRH:0
end_of_record
TN:
SF:src\middleware\streamgod-auth.js
FN:12,(anonymous_0)
FN:30,authMiddleware
FN:86,routeGuard
FN:87,(anonymous_3)
FN:131,requirePermission
FN:132,(anonymous_5)
FN:175,requireRole
FN:176,(anonymous_7)
FN:207,ownerOrAdmin
FN:208,(anonymous_9)
FNF:10
FNH:0
FNDA:0,(anonymous_0)
FNDA:0,authMiddleware
FNDA:0,routeGuard
FNDA:0,(anonymous_3)
FNDA:0,requirePermission
FNDA:0,(anonymous_5)
FNDA:0,requireRole
FNDA:0,(anonymous_7)
FNDA:0,ownerOrAdmin
FNDA:0,(anonymous_9)
DA:6,0
DA:7,0
DA:14,0
DA:31,0
DA:32,0
DA:33,0
DA:36,0
DA:37,0
DA:44,0
DA:47,0
DA:50,0
DA:51,0
DA:58,0
DA:66,0
DA:70,0
DA:72,0
DA:74,0
DA:87,0
DA:88,0
DA:90,0
DA:91,0
DA:97,0
DA:98,0
DA:100,0
DA:101,0
DA:105,0
DA:112,0
DA:114,0
DA:116,0
DA:118,0
DA:132,0
DA:133,0
DA:134,0
DA:135,0
DA:141,0
DA:143,0
DA:144,0
DA:148,0
DA:155,0
DA:159,0
DA:161,0
DA:163,0
DA:176,0
DA:177,0
DA:178,0
DA:184,0
DA:185,0
DA:191,0
DA:199,0
DA:208,0
DA:209,0
DA:210,0
DA:215,0
DA:216,0
DA:222,0
DA:226,0
LF:56
LH:0
BRDA:32,0,0,0
BRDA:32,0,1,0
BRDA:33,1,0,0
BRDA:33,1,1,0
BRDA:36,2,0,0
BRDA:36,2,1,0
BRDA:44,3,0,0
BRDA:44,3,1,0
BRDA:50,4,0,0
BRDA:50,4,1,0
BRDA:50,5,0,0
BRDA:50,5,1,0
BRDA:63,6,0,0
BRDA:63,6,1,0
BRDA:90,7,0,0
BRDA:90,7,1,0
BRDA:100,8,0,0
BRDA:100,8,1,0
BRDA:134,9,0,0
BRDA:134,9,1,0
BRDA:143,10,0,0
BRDA:143,10,1,0
BRDA:177,11,0,0
BRDA:177,11,1,0
BRDA:184,12,0,0
BRDA:184,12,1,0
BRDA:209,13,0,0
BRDA:209,13,1,0
BRDA:215,14,0,0
BRDA:215,14,1,0
BRF:30
BRH:0
end_of_record
TN:
SF:src\models\Campaign.js
FNF:0
FNH:0
DA:7,0
DA:9,0
DA:186,0
DA:187,0
DA:188,0
DA:190,0
DA:192,0
LF:7
LH:0
BRF:0
BRH:0
end_of_record
TN:
SF:src\pages\AdminReleaseBoard.jsx
FN:4,AdminReleaseBoard
FN:12,(anonymous_1)
FN:16,(anonymous_2)
FN:33,(anonymous_3)
FN:51,(anonymous_4)
FN:71,(anonymous_5)
FN:74,(anonymous_6)
FN:99,(anonymous_7)
FN:114,(anonymous_8)
FN:126,(anonymous_9)
FN:127,(anonymous_10)
FN:139,(anonymous_11)
FN:153,(anonymous_12)
FN:156,(anonymous_13)
FN:167,(anonymous_14)
FNF:15
FNH:0
FNDA:0,AdminReleaseBoard
FNDA:0,(anonymous_1)
FNDA:0,(anonymous_2)
FNDA:0,(anonymous_3)
FNDA:0,(anonymous_4)
FNDA:0,(anonymous_5)
FNDA:0,(anonymous_6)
FNDA:0,(anonymous_7)
FNDA:0,(anonymous_8)
FNDA:0,(anonymous_9)
FNDA:0,(anonymous_10)
FNDA:0,(anonymous_11)
FNDA:0,(anonymous_12)
FNDA:0,(anonymous_13)
FNDA:0,(anonymous_14)
DA:5,0
DA:6,0
DA:7,0
DA:8,0
DA:9,0
DA:10,0
DA:12,0
DA:13,0
DA:16,0
DA:17,0
DA:18,0
DA:19,0
DA:20,0
DA:21,0
DA:25,0
DA:27,0
DA:29,0
DA:33,0
DA:34,0
DA:35,0
DA:36,0
DA:42,0
DA:43,0
DA:45,0
DA:49,0
DA:51,0
DA:52,0
DA:59,0
DA:62,0
DA:64,0
DA:72,0
DA:74,0
DA:100,0
DA:114,0
DA:126,0
DA:127,0
DA:140,0
DA:154,0
DA:156,0
DA:167,0
DA:177,0
LF:41
LH:0
BRDA:5,0,0,0
BRDA:5,0,1,0
BRDA:27,1,0,0
BRDA:27,1,1,0
BRDA:45,2,0,0
BRDA:45,2,1,0
BRDA:59,3,0,0
BRDA:59,3,1,0
BRDA:62,4,0,0
BRDA:62,4,1,0
BRDA:68,5,0,0
BRDA:68,5,1,0
BRDA:77,6,0,0
BRDA:77,6,1,0
BRDA:78,7,0,0
BRDA:78,7,1,0
BRDA:96,8,0,0
BRDA:96,8,1,0
BRDA:103,9,0,0
BRDA:103,9,1,0
BRDA:110,10,0,0
BRDA:110,10,1,0
BRDA:125,11,0,0
BRDA:125,11,1,0
BRDA:131,12,0,0
BRDA:131,12,1,0
BRDA:133,13,0,0
BRDA:133,13,1,0
BRDA:137,14,0,0
BRDA:137,14,1,0
BRF:30
BRH:0
end_of_record
TN:
SF:src\pages\ArtistProfilePage.jsx
FN:11,ArtistProfilePage
FN:18,(anonymous_1)
FN:19,load
FN:136,(anonymous_3)
FN:212,(anonymous_4)
FNF:5
FNH:0
FNDA:0,ArtistProfilePage
FNDA:0,(anonymous_1)
FNDA:0,load
FNDA:0,(anonymous_3)
FNDA:0,(anonymous_4)
DA:4,0
DA:12,0
DA:13,0
DA:14,0
DA:15,0
DA:16,0
DA:18,0
DA:20,0
DA:21,0
DA:22,0
DA:24,0
DA:25,0
DA:26,0
DA:27,0
DA:28,0
DA:30,0
DA:32,0
DA:33,0
DA:34,0
DA:36,0
DA:37,0
DA:39,0
DA:43,0
DA:46,0
DA:47,0
DA:59,0
DA:60,0
DA:76,0
DA:77,0
DA:78,0
DA:80,0
DA:137,0
DA:213,0
LF:33
LH:0
BRDA:4,0,0,0
BRDA:4,0,1,0
BRDA:25,1,0,0
BRDA:25,1,1,0
BRDA:30,2,0,0
BRDA:30,2,1,0
BRDA:33,3,0,0
BRDA:33,3,1,0
BRDA:34,4,0,0
BRDA:34,4,1,0
BRDA:43,5,0,0
BRDA:43,5,1,0
BRDA:46,6,0,0
BRDA:46,6,1,0
BRDA:59,7,0,0
BRDA:59,7,1,0
BRDA:59,8,0,0
BRDA:59,8,1,0
BRDA:64,9,0,0
BRDA:64,9,1,0
BRDA:76,10,0,0
BRDA:76,10,1,0
BRDA:77,11,0,0
BRDA:77,11,1,0
BRDA:78,12,0,0
BRDA:78,12,1,0
BRDA:90,13,0,0
BRDA:90,13,1,0
BRDA:91,14,0,0
BRDA:91,14,1,0
BRDA:114,15,0,0
BRDA:114,15,1,0
BRDA:126,16,0,0
BRDA:126,16,1,0
BRDA:128,17,0,0
BRDA:128,17,1,0
BRDA:132,18,0,0
BRDA:132,18,1,0
BRDA:148,19,0,0
BRDA:148,19,1,0
BRDA:167,20,0,0
BRDA:167,20,1,0
BRDA:174,21,0,0
BRDA:174,21,1,0
BRDA:181,22,0,0
BRDA:181,22,1,0
BRDA:208,23,0,0
BRDA:208,23,1,0
BRDA:208,23,2,0
BRF:49
BRH:0
end_of_record
TN:
SF:src\pages\ArtistReleaseList.jsx
FN:5,ArtistReleaseList
FN:11,(anonymous_1)
FN:15,(anonymous_2)
FN:32,(anonymous_3)
FN:59,(anonymous_4)
FNF:5
FNH:0
FNDA:0,ArtistReleaseList
FNDA:0,(anonymous_1)
FNDA:0,(anonymous_2)
FNDA:0,(anonymous_3)
FNDA:0,(anonymous_4)
DA:6,0
DA:7,0
DA:8,0
DA:9,0
DA:11,0
DA:12,0
DA:15,0
DA:16,0
DA:17,0
DA:18,0
DA:20,0
DA:24,0
DA:26,0
DA:28,0
DA:32,0
DA:33,0
DA:40,0
DA:43,0
DA:44,0
DA:46,0
DA:60,0
DA:91,0
LF:22
LH:0
BRDA:6,0,0,0
BRDA:6,0,1,0
BRDA:18,1,0,0
BRDA:18,1,1,0
BRDA:26,2,0,0
BRDA:26,2,1,0
BRDA:40,3,0,0
BRDA:40,3,1,0
BRDA:43,4,0,0
BRDA:43,4,1,0
BRDA:44,5,0,0
BRDA:44,5,1,0
BRDA:53,6,0,0
BRDA:53,6,1,0
BRDA:61,7,0,0
BRDA:61,7,1,0
BRDA:69,8,0,0
BRDA:69,8,1,0
BRDA:74,9,0,0
BRDA:74,9,1,0
BRF:20
BRH:0
end_of_record
TN:
SF:src\pages\ControlCenterDashboard.jsx
FN:12,ControlCenterDashboard
FN:18,(anonymous_1)
FN:19,load
FN:41,(anonymous_3)
FN:44,(anonymous_4)
FN:207,(anonymous_5)
FN:245,(anonymous_6)
FN:253,(anonymous_7)
FNF:8
FNH:0
FNDA:0,ControlCenterDashboard
FNDA:0,(anonymous_1)
FNDA:0,load
FNDA:0,(anonymous_3)
FNDA:0,(anonymous_4)
FNDA:0,(anonymous_5)
FNDA:0,(anonymous_6)
FNDA:0,(anonymous_7)
DA:4,0
DA:13,0
DA:14,0
DA:15,0
DA:16,0
DA:18,0
DA:20,0
DA:21,0
DA:22,0
DA:24,0
DA:25,0
DA:27,0
DA:28,0
DA:29,0
DA:31,0
DA:32,0
DA:34,0
DA:38,0
DA:40,0
DA:41,0
DA:44,0
DA:45,0
DA:48,0
DA:49,0
DA:61,0
DA:62,0
DA:78,0
DA:79,0
DA:80,0
DA:81,0
DA:83,0
DA:85,0
DA:208,0
DA:245,0
DA:253,0
LF:35
LH:0
BRDA:4,0,0,0
BRDA:4,0,1,0
BRDA:25,1,0,0
BRDA:25,1,1,0
BRDA:28,2,0,0
BRDA:28,2,1,0
BRDA:48,3,0,0
BRDA:48,3,1,0
BRDA:48,4,0,0
BRDA:48,4,1,0
BRDA:61,5,0,0
BRDA:61,5,1,0
BRDA:61,6,0,0
BRDA:61,6,1,0
BRDA:78,7,0,0
BRDA:78,7,1,0
BRDA:79,8,0,0
BRDA:79,8,1,0
BRDA:80,9,0,0
BRDA:80,9,1,0
BRDA:81,10,0,0
BRDA:81,10,1,0
BRDA:202,11,0,0
BRDA:202,11,1,0
BRF:24
BRH:0
end_of_record
TN:
SF:src\pages\ControlCenterPage.jsx
FN:12,ControlCenterPage
FN:18,(anonymous_1)
FN:19,load
FN:41,(anonymous_3)
FN:75,(anonymous_4)
FN:171,(anonymous_5)
FN:257,MetricTile
FN:283,StatusItem
FN:303,QuickAccessPanel
FN:329,MetricsPlaceholder
FNF:10
FNH:0
FNDA:0,ControlCenterPage
FNDA:0,(anonymous_1)
FNDA:0,load
FNDA:0,(anonymous_3)
FNDA:0,(anonymous_4)
FNDA:0,(anonymous_5)
FNDA:0,MetricTile
FNDA:0,StatusItem
FNDA:0,QuickAccessPanel
FNDA:0,MetricsPlaceholder
DA:4,0
DA:13,0
DA:14,0
DA:15,0
DA:16,0
DA:18,0
DA:20,0
DA:21,0
DA:22,0
DA:24,0
DA:25,0
DA:27,0
DA:28,0
DA:29,0
DA:31,0
DA:32,0
DA:34,0
DA:38,0
DA:40,0
DA:41,0
DA:44,0
DA:45,0
DA:57,0
DA:58,0
DA:59,0
DA:60,0
DA:61,0
DA:63,0
DA:64,0
DA:75,0
DA:85,0
DA:172,0
DA:258,0
DA:265,0
DA:284,0
DA:288,0
DA:304,0
DA:310,0
DA:330,0
LF:39
LH:0
BRDA:4,0,0,0
BRDA:4,0,1,0
BRDA:25,1,0,0
BRDA:25,1,1,0
BRDA:28,2,0,0
BRDA:28,2,1,0
BRDA:44,3,0,0
BRDA:44,3,1,0
BRDA:44,4,0,0
BRDA:44,4,1,0
BRDA:57,5,0,0
BRDA:57,5,1,0
BRDA:58,6,0,0
BRDA:58,6,1,0
BRDA:59,7,0,0
BRDA:59,7,1,0
BRDA:60,8,0,0
BRDA:60,8,1,0
BRDA:63,9,0,0
BRDA:63,9,1,0
BRDA:63,10,0,0
BRDA:63,10,1,0
BRDA:164,11,0,0
BRDA:164,11,1,0
BRDA:284,12,0,0
BRDA:284,12,1,0
BRDA:284,13,0,0
BRDA:284,13,1,0
BRDA:284,13,2,0
BRDA:284,13,3,0
BRF:30
BRH:0
end_of_record
TN:
SF:src\pages\DivisionDetailPage.jsx
FN:11,DivisionDetailPage
FN:18,(anonymous_1)
FN:19,load
FN:188,(anonymous_3)
FN:207,(anonymous_4)
FNF:5
FNH:0
FNDA:0,DivisionDetailPage
FNDA:0,(anonymous_1)
FNDA:0,load
FNDA:0,(anonymous_3)
FNDA:0,(anonymous_4)
DA:4,0
DA:12,0
DA:13,0
DA:14,0
DA:15,0
DA:16,0
DA:18,0
DA:20,0
DA:21,0
DA:22,0
DA:24,0
DA:25,0
DA:26,0
DA:27,0
DA:28,0
DA:30,0
DA:32,0
DA:33,0
DA:34,0
DA:36,0
DA:37,0
DA:39,0
DA:43,0
DA:46,0
DA:47,0
DA:59,0
DA:60,0
DA:76,0
DA:77,0
DA:78,0
DA:79,0
DA:82,0
DA:94,0
DA:96,0
DA:189,0
DA:208,0
LF:36
LH:0
BRDA:4,0,0,0
BRDA:4,0,1,0
BRDA:25,1,0,0
BRDA:25,1,1,0
BRDA:30,2,0,0
BRDA:30,2,1,0
BRDA:33,3,0,0
BRDA:33,3,1,0
BRDA:34,4,0,0
BRDA:34,4,1,0
BRDA:43,5,0,0
BRDA:43,5,1,0
BRDA:46,6,0,0
BRDA:46,6,1,0
BRDA:59,7,0,0
BRDA:59,7,1,0
BRDA:59,8,0,0
BRDA:59,8,1,0
BRDA:64,9,0,0
BRDA:64,9,1,0
BRDA:76,10,0,0
BRDA:76,10,1,0
BRDA:77,11,0,0
BRDA:77,11,1,0
BRDA:78,12,0,0
BRDA:78,12,1,0
BRDA:79,13,0,0
BRDA:79,13,1,0
BRDA:94,14,0,0
BRDA:94,14,1,0
BRDA:127,15,0,0
BRDA:127,15,1,0
BRDA:136,16,0,0
BRDA:136,16,1,0
BRDA:145,17,0,0
BRDA:145,17,1,0
BRDA:146,18,0,0
BRDA:146,18,1,0
BRDA:160,19,0,0
BRDA:160,19,1,0
BRDA:182,20,0,0
BRDA:182,20,1,0
BRDA:201,21,0,0
BRDA:201,21,1,0
BRF:44
BRH:0
end_of_record
TN:
SF:src\pages\PortalAnalyticsPage.jsx
FN:11,PortalAnalyticsPage
FN:17,(anonymous_1)
FN:18,load
FN:132,AnalyticsCard
FNF:4
FNH:0
FNDA:0,PortalAnalyticsPage
FNDA:0,(anonymous_1)
FNDA:0,load
FNDA:0,AnalyticsCard
DA:5,0
DA:12,0
DA:13,0
DA:14,0
DA:15,0
DA:17,0
DA:19,0
DA:20,0
DA:21,0
DA:23,0
DA:25,0
DA:29,0
DA:30,0
DA:31,0
DA:34,0
DA:36,0
DA:37,0
DA:39,0
DA:40,0
DA:42,0
DA:46,0
DA:49,0
DA:50,0
DA:59,0
DA:60,0
DA:67,0
DA:133,0
LF:27
LH:0
BRDA:5,0,0,0
BRDA:5,0,1,0
BRDA:23,1,0,0
BRDA:23,1,1,0
BRDA:29,2,0,0
BRDA:29,2,1,0
BRDA:34,3,0,0
BRDA:34,3,1,0
BRDA:37,4,0,0
BRDA:37,4,1,0
BRDA:49,5,0,0
BRDA:49,5,1,0
BRDA:59,6,0,0
BRDA:59,6,1,0
BRDA:83,7,0,0
BRDA:83,7,1,0
BRDA:88,8,0,0
BRDA:88,8,1,0
BRDA:94,9,0,0
BRDA:94,9,1,0
BRDA:138,10,0,0
BRDA:138,10,1,0
BRDA:142,11,0,0
BRDA:142,11,1,0
BRF:24
BRH:0
end_of_record
TN:
SF:src\pages\PortalDistributionPage.jsx
FN:11,PortalDistributionPage
FN:17,(anonymous_1)
FN:18,load
FN:145,(anonymous_3)
FN:178,StatusCard
FNF:5
FNH:0
FNDA:0,PortalDistributionPage
FNDA:0,(anonymous_1)
FNDA:0,load
FNDA:0,(anonymous_3)
FNDA:0,StatusCard
DA:5,0
DA:12,0
DA:13,0
DA:14,0
DA:15,0
DA:17,0
DA:19,0
DA:20,0
DA:21,0
DA:23,0
DA:25,0
DA:29,0
DA:30,0
DA:31,0
DA:34,0
DA:36,0
DA:37,0
DA:39,0
DA:40,0
DA:42,0
DA:46,0
DA:49,0
DA:50,0
DA:59,0
DA:60,0
DA:67,0
DA:146,0
DA:179,0
DA:185,0
LF:29
LH:0
BRDA:5,0,0,0
BRDA:5,0,1,0
BRDA:23,1,0,0
BRDA:23,1,1,0
BRDA:29,2,0,0
BRDA:29,2,1,0
BRDA:34,3,0,0
BRDA:34,3,1,0
BRDA:37,4,0,0
BRDA:37,4,1,0
BRDA:49,5,0,0
BRDA:49,5,1,0
BRDA:59,6,0,0
BRDA:59,6,1,0
BRDA:83,7,0,0
BRDA:83,7,1,0
BRDA:86,8,0,0
BRDA:86,8,1,0
BRDA:89,9,0,0
BRDA:89,9,1,0
BRDA:117,10,0,0
BRDA:117,10,1,0
BRDA:117,11,0,0
BRDA:117,11,1,0
BRDA:186,12,0,0
BRDA:186,12,1,0
BRF:26
BRH:0
end_of_record
TN:
SF:src\pages\PortalHomePage.jsx
FN:12,PortalHomePage
FN:19,(anonymous_1)
FN:20,load
FN:129,(anonymous_3)
FN:204,PortalMetricCard
FN:227,QuickLink
FN:237,(anonymous_6)
FNF:7
FNH:0
FNDA:0,PortalHomePage
FNDA:0,(anonymous_1)
FNDA:0,load
FNDA:0,(anonymous_3)
FNDA:0,PortalMetricCard
FNDA:0,QuickLink
FNDA:0,(anonymous_6)
DA:5,0
DA:13,0
DA:14,0
DA:15,0
DA:16,0
DA:17,0
DA:19,0
DA:21,0
DA:22,0
DA:23,0
DA:25,0
DA:27,0
DA:36,0
DA:37,0
DA:40,0
DA:41,0
DA:43,0
DA:44,0
DA:46,0
DA:47,0
DA:49,0
DA:53,0
DA:56,0
DA:57,0
DA:67,0
DA:68,0
DA:75,0
DA:76,0
DA:77,0
DA:78,0
DA:79,0
DA:81,0
DA:130,0
DA:205,0
DA:211,0
DA:228,0
DA:237,0
LF:37
LH:0
BRDA:5,0,0,0
BRDA:5,0,1,0
BRDA:25,1,0,0
BRDA:25,1,1,0
BRDA:36,2,0,0
BRDA:36,2,1,0
BRDA:36,3,0,0
BRDA:36,3,1,0
BRDA:43,4,0,0
BRDA:43,4,1,0
BRDA:44,5,0,0
BRDA:44,5,1,0
BRDA:56,6,0,0
BRDA:56,6,1,0
BRDA:67,7,0,0
BRDA:67,7,1,0
BRDA:77,8,0,0
BRDA:77,8,1,0
BRDA:99,9,0,0
BRDA:99,9,1,0
BRDA:105,10,0,0
BRDA:105,10,1,0
BRDA:111,11,0,0
BRDA:111,11,1,0
BRDA:117,12,0,0
BRDA:117,12,1,0
BRDA:121,13,0,0
BRDA:121,13,1,0
BRDA:137,14,0,0
BRDA:137,14,1,0
BRDA:139,15,0,0
BRDA:139,15,1,0
BRDA:145,16,0,0
BRDA:145,16,1,0
BRDA:156,17,0,0
BRDA:156,17,1,0
BRDA:161,18,0,0
BRDA:161,18,1,0
BRDA:172,19,0,0
BRDA:172,19,1,0
BRDA:215,20,0,0
BRDA:215,20,1,0
BRDA:233,21,0,0
BRDA:233,21,1,0
BRDA:237,22,0,0
BRDA:237,22,1,0
BRDA:241,23,0,0
BRDA:241,23,1,0
BRF:48
BRH:0
end_of_record
TN:
SF:src\pages\PortalLayout.jsx
FN:12,PortalLayout
FN:18,(anonymous_1)
FN:19,loadMe
FN:91,(anonymous_3)
FN:121,PortalNavLink
FNF:5
FNH:0
FNDA:0,PortalLayout
FNDA:0,(anonymous_1)
FNDA:0,loadMe
FNDA:0,(anonymous_3)
FNDA:0,PortalNavLink
DA:5,0
DA:13,0
DA:14,0
DA:15,0
DA:16,0
DA:18,0
DA:20,0
DA:21,0
DA:22,0
DA:24,0
DA:26,0
DA:32,0
DA:33,0
DA:34,0
DA:35,0
DA:38,0
DA:40,0
DA:41,0
DA:43,0
DA:44,0
DA:46,0
DA:50,0
DA:53,0
DA:54,0
DA:66,0
DA:67,0
DA:72,0
DA:73,0
DA:75,0
DA:91,0
DA:122,0
DA:123,0
DA:125,0
LF:33
LH:0
BRDA:5,0,0,0
BRDA:5,0,1,0
BRDA:24,1,0,0
BRDA:24,1,1,0
BRDA:32,2,0,0
BRDA:32,2,1,0
BRDA:38,3,0,0
BRDA:38,3,1,0
BRDA:41,4,0,0
BRDA:41,4,1,0
BRDA:53,5,0,0
BRDA:53,5,1,0
BRDA:66,6,0,0
BRDA:66,6,1,0
BRDA:66,7,0,0
BRDA:66,7,1,0
BRDA:72,8,0,0
BRDA:72,8,1,0
BRDA:73,9,0,0
BRDA:73,9,1,0
BRDA:130,10,0,0
BRDA:130,10,1,0
BRF:22
BRH:0
end_of_record
TN:
SF:src\pages\PricingPage.jsx
FN:14,useDmfPricing
FN:19,(anonymous_1)
FN:20,load
FN:45,PricingPage
FN:159,(anonymous_4)
FN:170,(anonymous_5)
FN:291,TierCard
FN:300,(anonymous_7)
FN:314,MigrationCard
FN:323,(anonymous_9)
FN:337,BoostCard
FN:359,(anonymous_11)
FNF:12
FNH:0
FNDA:0,useDmfPricing
FNDA:0,(anonymous_1)
FNDA:0,load
FNDA:0,PricingPage
FNDA:0,(anonymous_4)
FNDA:0,(anonymous_5)
FNDA:0,TierCard
FNDA:0,(anonymous_7)
FNDA:0,MigrationCard
FNDA:0,(anonymous_9)
FNDA:0,BoostCard
FNDA:0,(anonymous_11)
DA:15,0
DA:16,0
DA:17,0
DA:19,0
DA:21,0
DA:22,0
DA:23,0
DA:25,0
DA:26,0
DA:29,0
DA:30,0
DA:32,0
DA:33,0
DA:35,0
DA:39,0
DA:42,0
DA:46,0
DA:48,0
DA:49,0
DA:56,0
DA:57,0
DA:68,0
DA:69,0
DA:78,0
DA:160,0
DA:171,0
DA:292,0
DA:301,0
DA:315,0
DA:324,0
DA:338,0
DA:360,0
LF:32
LH:0
BRDA:25,0,0,0
BRDA:25,0,1,0
BRDA:48,1,0,0
BRDA:48,1,1,0
BRDA:56,2,0,0
BRDA:56,2,1,0
BRDA:68,3,0,0
BRDA:68,3,1,0
BRDA:86,4,0,0
BRDA:86,4,1,0
BRDA:99,5,0,0
BRDA:99,5,1,0
BRDA:101,6,0,0
BRDA:101,6,1,0
BRDA:104,7,0,0
BRDA:104,7,1,0
BRDA:107,8,0,0
BRDA:107,8,1,0
BRDA:110,9,0,0
BRDA:110,9,1,0
BRDA:126,10,0,0
BRDA:126,10,1,0
BRDA:128,11,0,0
BRDA:128,11,1,0
BRDA:131,12,0,0
BRDA:131,12,1,0
BRDA:134,13,0,0
BRDA:134,13,1,0
BRDA:137,14,0,0
BRDA:137,14,1,0
BRDA:146,15,0,0
BRDA:146,15,1,0
BRDA:158,16,0,0
BRDA:158,16,1,0
BRDA:169,17,0,0
BRDA:169,17,1,0
BRDA:180,18,0,0
BRDA:180,18,1,0
BRDA:207,19,0,0
BRDA:207,19,1,0
BRDA:209,20,0,0
BRDA:209,20,1,0
BRDA:212,21,0,0
BRDA:212,21,1,0
BRDA:215,22,0,0
BRDA:215,22,1,0
BRDA:218,23,0,0
BRDA:218,23,1,0
BRDA:221,24,0,0
BRDA:221,24,1,0
BRDA:299,25,0,0
BRDA:299,25,1,0
BRDA:322,26,0,0
BRDA:322,26,1,0
BRDA:343,27,0,0
BRDA:343,27,1,0
BRDA:343,27,2,0
BRDA:349,28,0,0
BRDA:349,28,1,0
BRDA:349,28,2,0
BRDA:358,29,0,0
BRDA:358,29,1,0
BRF:62
BRH:0
end_of_record
TN:
SF:src\pages\ReleaseWizard.jsx
FN:4,ReleaseWizard
FN:31,(anonymous_1)
FN:33,(anonymous_2)
FN:36,(anonymous_3)
FN:38,(anonymous_4)
FN:44,(anonymous_5)
FN:59,(anonymous_6)
FN:60,(anonymous_7)
FN:63,(anonymous_8)
FN:80,(anonymous_9)
FN:103,(anonymous_10)
FN:238,(anonymous_11)
FN:241,(anonymous_12)
FN:274,(anonymous_13)
FNF:14
FNH:0
FNDA:0,ReleaseWizard
FNDA:0,(anonymous_1)
FNDA:0,(anonymous_2)
FNDA:0,(anonymous_3)
FNDA:0,(anonymous_4)
FNDA:0,(anonymous_5)
FNDA:0,(anonymous_6)
FNDA:0,(anonymous_7)
FNDA:0,(anonymous_8)
FNDA:0,(anonymous_9)
FNDA:0,(anonymous_10)
FNDA:0,(anonymous_11)
FNDA:0,(anonymous_12)
FNDA:0,(anonymous_13)
DA:5,0
DA:7,0
DA:8,0
DA:9,0
DA:18,0
DA:19,0
DA:27,0
DA:28,0
DA:29,0
DA:31,0
DA:32,0
DA:33,0
DA:36,0
DA:37,0
DA:38,0
DA:44,0
DA:45,0
DA:46,0
DA:47,0
DA:49,0
DA:50,0
DA:59,0
DA:60,0
DA:63,0
DA:64,0
DA:65,0
DA:66,0
DA:67,0
DA:68,0
DA:71,0
DA:72,0
DA:74,0
DA:76,0
DA:80,0
DA:81,0
DA:82,0
DA:83,0
DA:86,0
DA:87,0
DA:88,0
DA:89,0
DA:90,0
DA:95,0
DA:97,0
DA:99,0
DA:103,0
DA:104,0
DA:105,0
DA:106,0
DA:107,0
DA:108,0
DA:113,0
DA:115,0
DA:117,0
DA:121,0
DA:239,0
DA:241,0
DA:275,0
DA:291,0
LF:59
LH:0
BRDA:5,0,0,0
BRDA:5,0,1,0
BRDA:40,1,0,0
BRDA:40,1,1,0
BRDA:45,2,0,0
BRDA:45,2,1,0
BRDA:45,3,0,0
BRDA:45,3,1,0
BRDA:45,3,2,0
BRDA:74,4,0,0
BRDA:74,4,1,0
BRDA:81,5,0,0
BRDA:81,5,1,0
BRDA:97,6,0,0
BRDA:97,6,1,0
BRDA:115,7,0,0
BRDA:115,7,1,0
BRDA:126,8,0,0
BRDA:126,8,1,0
BRDA:127,9,0,0
BRDA:127,9,1,0
BRDA:128,10,0,0
BRDA:128,10,1,0
BRDA:131,11,0,0
BRDA:131,11,1,0
BRDA:134,12,0,0
BRDA:134,12,1,0
BRDA:182,13,0,0
BRDA:182,13,1,0
BRDA:188,14,0,0
BRDA:188,14,1,0
BRDA:248,15,0,0
BRDA:248,15,1,0
BRDA:251,16,0,0
BRDA:251,16,1,0
BRDA:257,17,0,0
BRDA:257,17,1,0
BRDA:263,18,0,0
BRDA:263,18,1,0
BRDA:265,19,0,0
BRDA:265,19,1,0
BRDA:271,20,0,0
BRDA:271,20,1,0
BRDA:271,21,0,0
BRDA:271,21,1,0
BRF:45
BRH:0
end_of_record
TN:
SF:src\services\campaignService.js
FN:13,generateCampaignAssets
FN:203,generateCampaignStub
FN:472,(anonymous_2)
FN:475,(anonymous_3)
FN:481,(anonymous_4)
FN:504,getTierInfo
FNF:6
FNH:0
FNDA:0,generateCampaignAssets
FNDA:0,generateCampaignStub
FNDA:0,(anonymous_2)
FNDA:0,(anonymous_3)
FNDA:0,(anonymous_4)
FNDA:0,getTierInfo
DA:7,0
DA:23,0
DA:26,0
DA:27,0
DA:29,0
DA:149,0
DA:150,0
DA:152,0
DA:154,0
DA:165,0
DA:177,0
DA:185,0
DA:194,0
DA:195,0
DA:204,0
DA:212,0
DA:213,0
DA:251,0
DA:252,0
DA:291,0
DA:292,0
DA:337,0
DA:338,0
DA:374,0
DA:375,0
DA:414,0
DA:472,0
DA:475,0
DA:481,0
DA:498,0
DA:505,0
DA:512,0
DA:515,0
LF:33
LH:0
BRDA:20,0,0,0
BRDA:21,1,0,0
BRDA:22,2,0,0
BRDA:27,3,0,0
BRDA:27,3,1,0
BRDA:37,4,0,0
BRDA:37,4,1,0
BRDA:212,5,0,0
BRDA:212,5,1,0
BRDA:251,6,0,0
BRDA:251,6,1,0
BRDA:277,7,0,0
BRDA:277,7,1,0
BRDA:291,8,0,0
BRDA:291,8,1,0
BRDA:309,9,0,0
BRDA:309,9,1,0
BRDA:337,10,0,0
BRDA:337,10,1,0
BRDA:374,11,0,0
BRDA:374,11,1,0
BRDA:512,12,0,0
BRDA:512,12,1,0
BRF:23
BRH:0
end_of_record
TN:
SF:src\services\pricingService.js
FN:15,loadPricingConfig
FN:36,getReleasePrice
FN:85,getMigrationPrice
FN:126,getBoostPackages
FN:140,applyPromotionalDiscount
FN:156,(anonymous_5)
FN:157,(anonymous_6)
FN:171,getGrowthSplit
FN:188,calculateOrderTotal
FN:229,(anonymous_9)
FN:230,(anonymous_10)
FN:270,getAllPricing
FNF:12
FNH:0
FNDA:0,loadPricingConfig
FNDA:0,getReleasePrice
FNDA:0,getMigrationPrice
FNDA:0,getBoostPackages
FNDA:0,applyPromotionalDiscount
FNDA:0,(anonymous_5)
FNDA:0,(anonymous_6)
FNDA:0,getGrowthSplit
FNDA:0,calculateOrderTotal
FNDA:0,(anonymous_9)
FNDA:0,(anonymous_10)
FNDA:0,getAllPricing
DA:12,0
DA:16,0
DA:17,0
DA:18,0
DA:19,0
DA:21,0
DA:22,0
DA:26,0
DA:37,0
DA:38,0
DA:41,0
DA:43,0
DA:44,0
DA:53,0
DA:54,0
DA:63,0
DA:64,0
DA:73,0
DA:86,0
DA:87,0
DA:90,0
DA:92,0
DA:93,0
DA:100,0
DA:101,0
DA:108,0
DA:109,0
DA:116,0
DA:127,0
DA:128,0
DA:131,0
DA:141,0
DA:142,0
DA:145,0
DA:148,0
DA:149,0
DA:150,0
DA:154,0
DA:155,0
DA:156,0
DA:157,0
DA:159,0
DA:160,0
DA:161,0
DA:165,0
DA:172,0
DA:173,0
DA:176,0
DA:177,0
DA:196,0
DA:198,0
DA:199,0
DA:202,0
DA:203,0
DA:204,0
DA:205,0
DA:206,0
DA:207,0
DA:209,0
DA:213,0
DA:219,0
DA:222,0
DA:223,0
DA:225,0
DA:226,0
DA:227,0
DA:229,0
DA:230,0
DA:231,0
DA:232,0
DA:233,0
DA:242,0
DA:243,0
DA:245,0
DA:271,0
DA:272,0
DA:275,0
DA:277,0
DA:288,0
LF:79
LH:0
BRDA:37,0,0,0
BRDA:37,0,1,0
BRDA:43,1,0,0
BRDA:43,1,1,0
BRDA:46,2,0,0
BRDA:46,2,1,0
BRDA:47,3,0,0
BRDA:47,3,1,0
BRDA:53,4,0,0
BRDA:53,4,1,0
BRDA:56,5,0,0
BRDA:56,5,1,0
BRDA:57,6,0,0
BRDA:57,6,1,0
BRDA:63,7,0,0
BRDA:63,7,1,0
BRDA:66,8,0,0
BRDA:66,8,1,0
BRDA:67,9,0,0
BRDA:67,9,1,0
BRDA:75,10,0,0
BRDA:75,10,1,0
BRDA:76,11,0,0
BRDA:76,11,1,0
BRDA:86,12,0,0
BRDA:86,12,1,0
BRDA:92,13,0,0
BRDA:92,13,1,0
BRDA:95,14,0,0
BRDA:95,14,1,0
BRDA:96,15,0,0
BRDA:96,15,1,0
BRDA:100,16,0,0
BRDA:100,16,1,0
BRDA:103,17,0,0
BRDA:103,17,1,0
BRDA:104,18,0,0
BRDA:104,18,1,0
BRDA:108,19,0,0
BRDA:108,19,1,0
BRDA:111,20,0,0
BRDA:111,20,1,0
BRDA:112,21,0,0
BRDA:112,21,1,0
BRDA:118,22,0,0
BRDA:118,22,1,0
BRDA:119,23,0,0
BRDA:119,23,1,0
BRDA:127,24,0,0
BRDA:127,24,1,0
BRDA:132,25,0,0
BRDA:132,25,1,0
BRDA:133,26,0,0
BRDA:133,26,1,0
BRDA:140,27,0,0
BRDA:140,28,0,0
BRDA:141,29,0,0
BRDA:141,29,1,0
BRDA:148,30,0,0
BRDA:148,30,1,0
BRDA:148,31,0,0
BRDA:148,31,1,0
BRDA:149,32,0,0
BRDA:149,32,1,0
BRDA:154,33,0,0
BRDA:154,33,1,0
BRDA:154,34,0,0
BRDA:154,34,1,0
BRDA:159,35,0,0
BRDA:159,35,1,0
BRDA:160,36,0,0
BRDA:160,36,1,0
BRDA:172,37,0,0
BRDA:172,37,1,0
BRDA:178,38,0,0
BRDA:178,38,1,0
BRDA:179,39,0,0
BRDA:179,39,1,0
BRDA:190,40,0,0
BRDA:191,41,0,0
BRDA:192,42,0,0
BRDA:193,43,0,0
BRDA:194,44,0,0
BRDA:195,45,0,0
BRDA:202,46,0,0
BRDA:202,46,1,0
BRDA:205,47,0,0
BRDA:205,47,1,0
BRDA:225,48,0,0
BRDA:225,48,1,0
BRDA:225,49,0,0
BRDA:225,49,1,0
BRDA:227,50,0,0
BRDA:227,50,1,0
BRDA:227,51,0,0
BRDA:227,51,1,0
BRDA:231,52,0,0
BRDA:231,52,1,0
BRDA:232,53,0,0
BRDA:232,53,1,0
BRDA:250,54,0,0
BRDA:250,54,1,0
BRDA:255,55,0,0
BRDA:255,55,1,0
BRDA:271,56,0,0
BRDA:271,56,1,0
BRF:106
BRH:0
end_of_record
TN:
SF:src\streamgod\brain.js
FN:40,getRolePermissions
FN:57,getPlanPermissions
FN:78,resolveUserPermissions
FN:98,hasPermission
FN:123,getRoutePolicy
FN:130,(anonymous_5)
FN:145,isRouteAllowed
FN:188,selectModelForTask
FN:217,(anonymous_8)
FN:242,streamgodRouter
FN:274,getModeConfig
FN:286,getCurrentMode
FNF:12
FNH:7
FNDA:10,getRolePermissions
FNDA:9,getPlanPermissions
FNDA:7,resolveUserPermissions
FNDA:12,hasPermission
FNDA:6,getRoutePolicy
FNDA:60,(anonymous_5)
FNDA:3,isRouteAllowed
FNDA:0,selectModelForTask
FNDA:0,(anonymous_8)
FNDA:0,streamgodRouter
FNDA:0,getModeConfig
FNDA:0,getCurrentMode
DA:13,1
DA:14,1
DA:17,1
DA:19,1
DA:21,1
DA:22,1
DA:23,1
DA:24,1
DA:26,0
DA:27,0
DA:41,10
DA:42,9
DA:44,8
DA:45,8
DA:46,1
DA:47,1
DA:50,7
DA:58,9
DA:60,8
DA:61,8
DA:62,1
DA:63,1
DA:66,7
DA:79,7
DA:82,6
DA:84,4
DA:85,4
DA:86,4
DA:88,4
DA:91,4
DA:99,12
DA:100,10
DA:103,7
DA:106,4
DA:107,4
DA:108,4
DA:109,4
DA:112,2
DA:124,6
DA:127,6
DA:130,6
DA:131,60
DA:132,12
DA:133,12
DA:136,6
DA:138,2
DA:146,3
DA:149,3
DA:152,2
DA:153,0
DA:154,0
DA:155,0
DA:158,0
DA:163,2
DA:164,2
DA:165,2
DA:167,2
DA:168,0
DA:173,0
DA:177,2
DA:189,0
DA:191,0
DA:192,0
DA:197,0
DA:198,0
DA:200,0
DA:201,0
DA:206,0
DA:207,0
DA:209,0
DA:210,0
DA:214,0
DA:215,0
DA:217,0
DA:219,0
DA:220,0
DA:225,0
DA:227,0
DA:243,0
DA:245,0
DA:250,0
DA:257,0
DA:275,0
DA:276,0
DA:277,0
DA:278,0
DA:280,0
DA:287,0
DA:288,0
DA:294,0
DA:301,1
LF:91
LH:53
BRDA:41,0,0,1
BRDA:41,0,1,9
BRDA:42,1,0,1
BRDA:42,1,1,8
BRDA:45,2,0,1
BRDA:45,2,1,7
BRDA:50,3,0,7
BRDA:50,3,1,0
BRDA:58,4,0,1
BRDA:58,4,1,8
BRDA:61,5,0,1
BRDA:61,5,1,7
BRDA:66,6,0,7
BRDA:66,6,1,0
BRDA:79,7,0,1
BRDA:79,7,1,6
BRDA:82,8,0,2
BRDA:82,8,1,4
BRDA:86,9,0,4
BRDA:86,9,1,2
BRDA:99,10,0,2
BRDA:99,10,1,10
BRDA:100,11,0,3
BRDA:100,11,1,7
BRDA:103,12,0,3
BRDA:103,12,1,4
BRDA:106,13,0,4
BRDA:106,13,1,0
BRDA:109,14,0,2
BRDA:109,14,1,2
BRDA:124,15,0,6
BRDA:124,15,1,0
BRDA:127,16,0,0
BRDA:127,16,1,6
BRDA:131,17,0,48
BRDA:131,17,1,12
BRDA:133,18,0,12
BRDA:133,18,1,11
BRDA:136,19,0,4
BRDA:136,19,1,2
BRDA:149,20,0,1
BRDA:149,20,1,2
BRDA:152,21,0,0
BRDA:152,21,1,2
BRDA:154,22,0,0
BRDA:154,22,1,0
BRDA:156,23,0,0
BRDA:156,23,1,0
BRDA:163,24,0,2
BRDA:163,24,1,0
BRDA:167,25,0,0
BRDA:167,25,1,2
BRDA:169,26,0,0
BRDA:169,26,1,0
BRDA:191,27,0,0
BRDA:191,27,1,0
BRDA:200,28,0,0
BRDA:200,28,1,0
BRDA:206,29,0,0
BRDA:206,29,1,0
BRDA:209,30,0,0
BRDA:209,30,1,0
BRDA:214,31,0,0
BRDA:214,32,0,0
BRDA:219,33,0,0
BRDA:219,33,1,0
BRDA:242,34,0,0
BRDA:276,35,0,0
BRDA:276,35,1,0
BRDA:287,36,0,0
BRDA:287,36,1,0
BRDA:294,37,0,0
BRDA:294,37,1,0
BRF:73
BRH:40
end_of_record
